<?xml version="1.0" encoding="utf-8"?><testsuites name="pytest tests"><testsuite name="pytest" errors="0" failures="0" skipped="0" tests="20" time="10.785" timestamp="2026-02-20T14:59:33.892888+00:00" hostname="agent-env-7193e66b-1140-470b-a30d-4d0f5ce197f7"><testcase classname="backend.tests.test_auth_features.TestHealthCheck" name="test_api_health" time="0.304" /><testcase classname="backend.tests.test_auth_features.TestAuthRegister" name="test_register_new_user" time="0.354" /><testcase classname="backend.tests.test_auth_features.TestAuthRegister" name="test_register_duplicate_email" time="0.434" /><testcase classname="backend.tests.test_auth_features.TestAuthLogin" name="test_login_valid_credentials" time="0.291" /><testcase classname="backend.tests.test_auth_features.TestAuthLogin" name="test_login_invalid_password" time="0.292" /><testcase classname="backend.tests.test_auth_features.TestAuthLogin" name="test_login_nonexistent_user" time="0.065" /><testcase classname="backend.tests.test_auth_features.TestAuthLogin" name="test_login_with_test_user" time="0.299" /><testcase classname="backend.tests.test_auth_features.TestAuthMe" name="test_auth_me_with_token" time="0.060" /><testcase classname="backend.tests.test_auth_features.TestAuthMe" name="test_auth_me_without_token" time="0.071" /><testcase classname="backend.tests.test_auth_features.TestAuthMe" name="test_auth_me_invalid_token" time="0.059" /><testcase classname="backend.tests.test_auth_features.TestChangePassword" name="test_change_password_success" time="1.128" /><testcase classname="backend.tests.test_auth_features.TestChangePassword" name="test_change_password_wrong_current" time="0.294" /><testcase classname="backend.tests.test_auth_features.TestChangePassword" name="test_change_password_unauthenticated" time="0.053" /><testcase classname="backend.tests.test_auth_features.TestForgotPassword" name="test_forgot_password_existing_email" time="0.314" /><testcase classname="backend.tests.test_auth_features.TestForgotPassword" name="test_forgot_password_nonexistent_email" time="0.078" /><testcase classname="backend.tests.test_auth_features.TestResetPassword" name="test_reset_password_invalid_token" time="0.081" /><testcase classname="backend.tests.test_auth_features.TestHistory" name="test_history_authenticated" time="0.084" /><testcase classname="backend.tests.test_auth_features.TestHistory" name="test_history_unauthenticated" time="0.071" /><testcase classname="backend.tests.test_auth_features.TestCoreAPIs" name="test_analyze_with_text" time="6.290" /><testcase classname="backend.tests.test_auth_features.TestCoreAPIs" name="test_generate_video_returns_video_id" time="0.093" /></testsuite></testsuites>